<?xml version="1.0" encoding="UTF-8"?>
<testng-results ignored="0" total="3" passed="2" failed="1" skipped="0">
  <reporter-output>
    <line>
      <![CDATA[<br><a target="_blank" href="file:///C:\Users\Admin\Documents\InforTrack_UltimateQA\reportNGImage\Test02_Input_InvalidEMail_22_07_2024_10_34_49.png"><img src="file:///C:\Users\Admin\Documents\InforTrack_UltimateQA\reportNGImage\Test02_Input_InvalidEMail_22_07_2024_10_34_49.png" height='100' width='150'/> </a></br>]]>
    </line>
  </reporter-output>
  <suite started-at="2024-07-22T03:33:38Z" name="Ultimate QA" finished-at="2024-07-22T03:34:51Z" duration-ms="73847">
    <groups>
    </groups>
    <test started-at="2024-07-22T03:33:38Z" name="Run on Firefox" finished-at="2024-07-22T03:34:51Z" duration-ms="73847">
      <class name="com.ultimateqa.testcases.UltimateQA_Register_testcases">
        <test-method is-config="true" signature="initBeforeSuite()[pri:0, instance:com.ultimateqa.testcases.UltimateQA_Register_testcases@7cf6a5f9]" started-at="2024-07-22T03:33:38Z" name="initBeforeSuite" finished-at="2024-07-22T03:33:38Z" duration-ms="14" status="PASS">
          <reporter-output>
          </reporter-output>
        </test-method> <!-- initBeforeSuite -->
        <test-method is-config="true" signature="beforeClass(java.lang.String)[pri:0, instance:com.ultimateqa.testcases.UltimateQA_Register_testcases@7cf6a5f9]" started-at="2024-07-22T03:33:38Z" name="beforeClass" finished-at="2024-07-22T03:33:46Z" duration-ms="8374" status="PASS">
          <params>
            <param index="0">
              <value>
                <![CDATA[firefox]]>
              </value>
            </param>
          </params>
          <reporter-output>
          </reporter-output>
        </test-method> <!-- beforeClass -->
        <test-method signature="Test01_NotInputAnyvalue(java.lang.reflect.Method)[pri:0, instance:com.ultimateqa.testcases.UltimateQA_Register_testcases@7cf6a5f9]" started-at="2024-07-22T03:33:46Z" name="Test01_NotInputAnyvalue" finished-at="2024-07-22T03:33:46Z" duration-ms="427" status="PASS">
          <params>
            <param index="0">
              <value>
                <![CDATA[public void com.ultimateqa.testcases.UltimateQA_Register_testcases.Test01_NotInputAnyvalue(java.lang.reflect.Method)]]>
              </value>
            </param>
          </params>
          <reporter-output>
          </reporter-output>
        </test-method> <!-- Test01_NotInputAnyvalue -->
        <test-method signature="Test02_Input_InvalidEMail(java.lang.reflect.Method)[pri:0, instance:com.ultimateqa.testcases.UltimateQA_Register_testcases@7cf6a5f9]" started-at="2024-07-22T03:33:46Z" name="Test02_Input_InvalidEMail" finished-at="2024-07-22T03:34:49Z" duration-ms="62674" status="FAIL">
          <params>
            <param index="0">
              <value>
                <![CDATA[public void com.ultimateqa.testcases.UltimateQA_Register_testcases.Test02_Input_InvalidEMail(java.lang.reflect.Method)]]>
              </value>
            </param>
          </params>
          <exception class="org.openqa.selenium.TimeoutException">
            <message>
              <![CDATA[Expected condition failed: waiting for visibility of all elements located by By.xpath: //input[contains(@id,'email')] (tried for 30 second(s) with 500 milliseconds interval)
Build info: version: '3.141.59', revision: 'e82be7d358', time: '2018-11-14T08:17:03'
System info: host: 'DESKTOP-NSTF48G', ip: '172.26.144.1', os.name: 'Windows 10', os.arch: 'amd64', os.version: '10.0', java.version: '17.0.5'
Driver info: org.openqa.selenium.firefox.FirefoxDriver
Capabilities {acceptInsecureCerts: true, browserName: firefox, browserVersion: 112.0.2, javascriptEnabled: true, moz:accessibilityChecks: false, moz:buildID: 20230424110519, moz:geckodriverVersion: 0.33.0, moz:headless: false, moz:platformVersion: 10.0, moz:processID: 1660, moz:profile: C:\Users\Admin\AppData\Loca..., moz:shutdownTimeout: 60000, moz:useNonSpecCompliantPointerOrigin: false, moz:webdriverClick: true, moz:windowless: false, pageLoadStrategy: normal, platform: WINDOWS, platformName: WINDOWS, proxy: Proxy(), setWindowRect: true, strictFileInteractability: false, timeouts: {implicit: 0, pageLoad: 300000, script: 30000}, unhandledPromptBehavior: dismiss and notify}
Session ID: a1267b3d-07a3-4ab9-9481-f91bdcffc599]]>
            </message>
            <full-stacktrace>
              <![CDATA[org.openqa.selenium.TimeoutException: Expected condition failed: waiting for visibility of all elements located by By.xpath: //input[contains(@id,'email')] (tried for 30 second(s) with 500 milliseconds interval)
Build info: version: '3.141.59', revision: 'e82be7d358', time: '2018-11-14T08:17:03'
System info: host: 'DESKTOP-NSTF48G', ip: '172.26.144.1', os.name: 'Windows 10', os.arch: 'amd64', os.version: '10.0', java.version: '17.0.5'
Driver info: org.openqa.selenium.firefox.FirefoxDriver
Capabilities {acceptInsecureCerts: true, browserName: firefox, browserVersion: 112.0.2, javascriptEnabled: true, moz:accessibilityChecks: false, moz:buildID: 20230424110519, moz:geckodriverVersion: 0.33.0, moz:headless: false, moz:platformVersion: 10.0, moz:processID: 1660, moz:profile: C:\Users\Admin\AppData\Loca..., moz:shutdownTimeout: 60000, moz:useNonSpecCompliantPointerOrigin: false, moz:webdriverClick: true, moz:windowless: false, pageLoadStrategy: normal, platform: WINDOWS, platformName: WINDOWS, proxy: Proxy(), setWindowRect: true, strictFileInteractability: false, timeouts: {implicit: 0, pageLoad: 300000, script: 30000}, unhandledPromptBehavior: dismiss and notify}
Session ID: a1267b3d-07a3-4ab9-9481-f91bdcffc599
at org.openqa.selenium.support.ui.WebDriverWait.timeoutException(WebDriverWait.java:95)
at org.openqa.selenium.support.ui.FluentWait.until(FluentWait.java:272)
at common.BasePage.waitForAllElementsVisible(BasePage.java:625)
at pageObject.ultimateQA.PageObjectRegister.inputValueField(PageObjectRegister.java:32)
at com.ultimateqa.testcases.UltimateQA_Register_testcases.Test02_Input_InvalidEMail(UltimateQA_Register_testcases.java:54)
at java.base/jdk.internal.reflect.NativeMethodAccessorImpl.invoke0(Native Method)
at java.base/jdk.internal.reflect.NativeMethodAccessorImpl.invoke(NativeMethodAccessorImpl.java:77)
at java.base/jdk.internal.reflect.DelegatingMethodAccessorImpl.invoke(DelegatingMethodAccessorImpl.java:43)
at java.base/java.lang.reflect.Method.invoke(Method.java:568)
at org.testng.internal.MethodInvocationHelper.invokeMethod(MethodInvocationHelper.java:124)
at org.testng.internal.Invoker.invokeMethod(Invoker.java:583)
at org.testng.internal.Invoker.invokeTestMethod(Invoker.java:719)
at org.testng.internal.Invoker.invokeTestMethods(Invoker.java:989)
at org.testng.internal.TestMethodWorker.invokeTestMethods(TestMethodWorker.java:125)
at org.testng.internal.TestMethodWorker.run(TestMethodWorker.java:109)
at org.testng.TestRunner.privateRun(TestRunner.java:648)
at org.testng.TestRunner.run(TestRunner.java:505)
at org.testng.SuiteRunner.runTest(SuiteRunner.java:455)
at org.testng.SuiteRunner.runSequentially(SuiteRunner.java:450)
at org.testng.SuiteRunner.privateRun(SuiteRunner.java:415)
at org.testng.SuiteRunner.run(SuiteRunner.java:364)
at org.testng.SuiteRunnerWorker.runSuite(SuiteRunnerWorker.java:52)
at org.testng.SuiteRunnerWorker.run(SuiteRunnerWorker.java:84)
at org.testng.TestNG.runSuitesSequentially(TestNG.java:1208)
at org.testng.TestNG.runSuitesLocally(TestNG.java:1137)
at org.testng.TestNG.runSuites(TestNG.java:1049)
at org.testng.TestNG.run(TestNG.java:1017)
at org.testng.remote.AbstractRemoteTestNG.run(AbstractRemoteTestNG.java:115)
at org.testng.remote.RemoteTestNG.initAndRun(RemoteTestNG.java:293)
at org.testng.remote.RemoteTestNG.main(RemoteTestNG.java:91)
]]>
            </full-stacktrace>
          </exception> <!-- org.openqa.selenium.TimeoutException -->
          <reporter-output>
            <line>
              <![CDATA[<br><a target="_blank" href="file:///C:\Users\Admin\Documents\InforTrack_UltimateQA\reportNGImage\Test02_Input_InvalidEMail_22_07_2024_10_34_49.png"><img src="file:///C:\Users\Admin\Documents\InforTrack_UltimateQA\reportNGImage\Test02_Input_InvalidEMail_22_07_2024_10_34_49.png" height='100' width='150'/> </a></br>]]>
            </line>
          </reporter-output>
        </test-method> <!-- Test02_Input_InvalidEMail -->
        <test-method signature="Test03_Input_InvalidPassword(java.lang.reflect.Method)[pri:0, instance:com.ultimateqa.testcases.UltimateQA_Register_testcases@7cf6a5f9]" started-at="2024-07-22T03:34:51Z" name="Test03_Input_InvalidPassword" finished-at="2024-07-22T03:34:51Z" duration-ms="2" status="PASS">
          <params>
            <param index="0">
              <value>
                <![CDATA[public void com.ultimateqa.testcases.UltimateQA_Register_testcases.Test03_Input_InvalidPassword(java.lang.reflect.Method)]]>
              </value>
            </param>
          </params>
          <reporter-output>
          </reporter-output>
        </test-method> <!-- Test03_Input_InvalidPassword -->
        <test-method is-config="true" signature="afterClass()[pri:0, instance:com.ultimateqa.testcases.UltimateQA_Register_testcases@7cf6a5f9]" started-at="2024-07-22T03:34:51Z" name="afterClass" finished-at="2024-07-22T03:34:51Z" duration-ms="588" status="PASS">
          <reporter-output>
          </reporter-output>
        </test-method> <!-- afterClass -->
      </class> <!-- com.ultimateqa.testcases.UltimateQA_Register_testcases -->
    </test> <!-- Run on Firefox -->
  </suite> <!-- Ultimate QA -->
</testng-results>
